<?xml version="1.0" encoding="UTF-8"?>
<testng-results ignored="0" total="1" passed="1" failed="0" skipped="0">
  <reporter-output>
  </reporter-output>
  <suite started-at="2018-06-17T16:34:08Z" name="Default suite" finished-at="2018-06-17T16:34:49Z" duration-ms="40631">
    <groups>
    </groups>
    <test started-at="2018-06-17T16:34:08Z" name="Default test" finished-at="2018-06-17T16:34:49Z" duration-ms="40631">
      <class name="TestCases.LoginApplication">
        <test-method signature="Login()[pri:0, instance:TestCases.LoginApplication@1b1426f4]" started-at="2018-06-17T16:34:08Z" name="Login" finished-at="2018-06-17T16:34:49Z" duration-ms="40613" status="PASS">
          <reporter-output>
          </reporter-output>
        </test-method> <!-- Login -->
      </class> <!-- TestCases.LoginApplication -->
    </test> <!-- Default test -->
  </suite> <!-- Default suite -->
</testng-results>
